<?xml version="1.0" encoding="UTF-8"?>
<!-- Generated by org.testng.reporters.JUnitReportReporter -->
<testsuite hostname="LAPTOP-3HNND56P" failures="0" tests="1" name="swiggy.SwiggyExample" time="87.886" errors="0" timestamp="2022-08-13T16:28:48 IST" skipped="0">
  <testcase classname="swiggy.SwiggyExample" name="SwiggyTest" time="87.886"/>
  <system-out/>
</testsuite> <!-- swiggy.SwiggyExample -->
